   Call: (12) go
   Unify: (12) go
^  Call: (13) forall(once(query(_10004, _10006)), (write(_10004), write(_10006), nl))
^  Unify: (13) forall(user:once(query(_10004, _10006)), user:(write(_10004), write(_10006), nl))
   Call: (15) query(_10004, _10006)
   Unify: (15) query(_10004, _10006)
   Call: (16) source(_10004)
   Unify: (16) source("n0")
   Exit: (16) source("n0")
   Call: (16) destination(_10006)
   Unify: (16) destination("n3")
   Exit: (16) destination("n3")
   Call: (16) connected("n0", "n3")
   Unify: (16) connected("n0", "n3")
   Call: (17) edge("n0", "n3")
   Fail: (17) edge("n0", "n3")
   Redo: (16) connected("n0", "n3")
   Unify: (16) connected("n0", "n3")
   Call: (17) edge("n0", _724)
   Unify: (17) edge("n0", "n1")
   Exit: (17) edge("n0", "n1")
   Call: (17) connected("n1", "n3")
   Unify: (17) connected("n1", "n3")
   Call: (18) edge("n1", "n3")
   Unify: (18) edge("n1", "n3")
   Exit: (18) edge("n1", "n3")
   Exit: (17) connected("n1", "n3")
   Exit: (16) connected("n0", "n3")
   Exit: (15) query("n0", "n3")
   Call: (15) write("n0")
n0
   Exit: (15) write("n0")
   Call: (15) write("n3")
n3
   Exit: (15) write("n3")
   Call: (15) nl

   Exit: (15) nl
^  Exit: (13) forall(user:once(query(_62, _64)), user:(write(_62), write(_64), nl))
   Exit: (12) go
