Call: (12) go
Unify: (12) go
 Call: (13) forall(query(_10000), (write(_10000), nl))
 Unify: (13) forall(user:query(_10000), user:(write(_10000), nl))
  Call: (14) query(_10000)
  Unify: (14) query(_10000)
   Call: (15) source(_12488)
   Unify: (15) source("n0")
   Exit: (15) source("n0")
   Call: (15) connected("n0", _10000)
   Unify: (15) connected("n0", _10000)
    Call: (16) edge("n0", _10000)
    Unify: (16) edge("n0", "n1")
    Exit: (16) edge("n0", "n1")
   Exit: (15) connected("n0", "n1")
   Call: (15) avoid(_17998)
   Unify: (15) avoid("m0")
   Exit: (15) avoid("m0")
   Call: (15) connected("n1", "m0")
   Unify: (15) connected("n1", "m0")
    Call: (16) edge("n1", "m0")
    Fail: (16) edge("n1", "m0")
   Redo: (15) connected("n1", "m0")
   Unify: (15) connected("n1", "m0")
    Call: (16) edge("n1", _4380)
    Unify: (16) edge("n1", "n3")
    Exit: (16) edge("n1", "n3")
    Call: (16) connected("n3", "m0")
    Unify: (16) connected("n3", "m0")
     Call: (17) edge("n3", "m0")
     Fail: (17) edge("n3", "m0")
    Redo: (16) connected("n3", "m0")
    Unify: (16) connected("n3", "m0")
     Call: (17) edge("n3", _9896)
     Fail: (17) edge("n3", _9896)
    Fail: (16) connected("n3", "m0")
    Redo: (16) edge("n1", _4380)
    Unify: (16) edge("n1", "n2")
    Exit: (16) edge("n1", "n2")
    Call: (16) connected("n2", "m0")
    Unify: (16) connected("n2", "m0")
     Call: (17) edge("n2", "m0")
     Fail: (17) edge("n2", "m0")
    Redo: (16) connected("n2", "m0")
    Unify: (16) connected("n2", "m0")
     Call: (17) edge("n2", _17248)
     Fail: (17) edge("n2", _17248)
    Fail: (16) connected("n2", "m0")
   Fail: (15) connected("n1", "m0")
  Redo: (14) query("n1")
  Exit: (14) query("n1")
   Call: (15) write("n1")
   Exit: (15) write("n1")
   Call: (15) nl
   Exit: (15) nl
   Redo: (15) connected("n0", _58)
   Unify: (15) connected("n0", _58)
    Call: (16) edge("n0", _5470)
    Unify: (16) edge("n0", "n1")
    Exit: (16) edge("n0", "n1")
    Call: (16) connected("n1", _58)
    Unify: (16) connected("n1", _58)
     Call: (17) edge("n1", _58)
     Unify: (17) edge("n1", "n3")
     Exit: (17) edge("n1", "n3")
    Exit: (16) connected("n1", "n3")
   Exit: (15) connected("n0", "n3")
   Call: (15) avoid(_11604)
   Unify: (15) avoid("m0")
   Exit: (15) avoid("m0")
   Call: (15) connected("n3", "m0")
   Unify: (15) connected("n3", "m0")
    Call: (16) edge("n3", "m0")
    Fail: (16) edge("n3", "m0")
   Redo: (15) connected("n3", "m0")
   Unify: (15) connected("n3", "m0")
    Call: (16) edge("n3", _17108)
    Fail: (16) edge("n3", _17108)
   Fail: (15) connected("n3", "m0")
  Redo: (14) query("n3")
  Exit: (14) query("n3")
   Call: (15) write("n3")
   Exit: (15) write("n3")
   Call: (15) nl
   Exit: (15) nl
     Redo: (17) edge("n1", _58)
     Unify: (17) edge("n1", "n2")
     Exit: (17) edge("n1", "n2")
    Exit: (16) connected("n1", "n2")
   Exit: (15) connected("n0", "n2")
   Call: (15) avoid(_6642)
   Unify: (15) avoid("m0")
   Exit: (15) avoid("m0")
   Call: (15) connected("n2", "m0")
   Unify: (15) connected("n2", "m0")
    Call: (16) edge("n2", "m0")
    Fail: (16) edge("n2", "m0")
   Redo: (15) connected("n2", "m0")
   Unify: (15) connected("n2", "m0")
    Call: (16) edge("n2", _12146)
    Fail: (16) edge("n2", _12146)
   Fail: (15) connected("n2", "m0")
  Redo: (14) query("n2")
  Exit: (14) query("n2")
   Call: (15) write("n2")
   Exit: (15) write("n2")
   Call: (15) nl
   Exit: (15) nl
    Redo: (16) connected("n1", _58)
    Unify: (16) connected("n1", _58)
     Call: (17) edge("n1", _100)
     Unify: (17) edge("n1", "n3")
     Exit: (17) edge("n1", "n3")
     Call: (17) connected("n3", _58)
     Unify: (17) connected("n3", _58)
      Call: (18) edge("n3", _58)
      Fail: (18) edge("n3", _58)
     Redo: (17) connected("n3", _58)
     Unify: (17) connected("n3", _58)
      Call: (18) edge("n3", _5336)
      Fail: (18) edge("n3", _5336)
     Fail: (17) connected("n3", _58)
     Redo: (17) edge("n1", _100)
     Unify: (17) edge("n1", "n2")
     Exit: (17) edge("n1", "n2")
     Call: (17) connected("n2", _58)
     Unify: (17) connected("n2", _58)
      Call: (18) edge("n2", _58)
      Fail: (18) edge("n2", _58)
     Redo: (17) connected("n2", _58)
     Unify: (17) connected("n2", _58)
      Call: (18) edge("n2", _12688)
      Fail: (18) edge("n2", _12688)
     Fail: (17) connected("n2", _58)
    Fail: (16) connected("n1", _58)
   Fail: (15) connected("n0", _58)
  Fail: (14) query(_58)
 Exit: (13) forall(user:query(_58), user:(write(_58), nl))
Exit: (12) go
