port=call level=12
	has_alternatives=false
	goal=go
	arity=0
	predicate_indicator=go/0
	choice=220
	choice_parent=180
	choice_frame=209
	choice_type=catch

port=unify level=12
	has_alternatives=false
	goal=go
	clause=<clause>(0x13ee89890)
	loc=/Users/mbm/Development/school/veridatalog/veri-datalog/dafny/lcf/features/traceintercept.pl:147
	head=user:go
	body=forall(once(query(_100,_112)),(write(_100),write(_112),nl))
	bindings=[S=_100,D=_112]
	arity=0
	predicate_indicator=go/0
	choice=239
	choice_parent=220
	choice_frame=229
	choice_type=debug

port=call level=13
	has_alternatives=false
	goal=forall(once(query(_7514,_7516)),(write(_7514),write(_7516),nl))
	arity=2
	argument=once(query(_7514,_7516))
	argument=write(_7514),write(_7516),nl
	predicate_indicator=$apply:forall/2
	choice=239
	choice_parent=220
	choice_frame=229
	choice_type=debug

port=unify level=13
	has_alternatives=false
	goal=forall(user:once(query(_7514,_7516)),user:(write(_7514),write(_7516),nl))
	clause=<clause>(0x6000021c9790)
	loc=/opt/homebrew/Cellar/swi-prolog/9.2.5/lib/swipl/boot/apply.pl:51
	head=$apply:forall(_7834,_7846)
	body=\+ (call(_7834),\+call(_7846))
	bindings=[Cond=_7834,Action=_7846]
	arity=2
	argument=user:once(query(_7514,_7516))
	argument=user:(write(_7514),write(_7516),nl)
	predicate_indicator=$apply:forall/2
	choice=260
	choice_parent=220
	choice_frame=248
	choice_type=debug

port=call level=15
	has_alternatives=false
	goal=query(_7514,_7516)
	arity=2
	argument=_7514
	argument=_7516
	predicate_indicator=query/2
	choice=287
	choice_parent=269
	choice_frame=278
	choice_type=debug

port=unify level=15
	has_alternatives=false
	goal=query(_7514,_7516)
	clause=<clause>(0x600002fc6dc0)
	loc=/Users/mbm/Development/school/veridatalog/veri-datalog/dafny/lcf/features/traceintercept.pl:146
	head=user:query(_10010,_10022)
	body=source(_10010),destination(_10022),connected(_10010,_10022)
	bindings=[S=_10010,D=_10022]
	arity=2
	argument=_7514
	argument=_7516
	predicate_indicator=query/2
	choice=306
	choice_parent=269
	choice_frame=296
	choice_type=debug

port=call level=16
	has_alternatives=false
	goal=source(_7514)
	arity=1
	argument=_7514
	predicate_indicator=source/1
	choice=306
	choice_parent=269
	choice_frame=296
	choice_type=debug

port=unify level=16
	has_alternatives=false
	goal=source(n0)
	clause=<clause>(0x600003ec69a0)
	loc=/Users/mbm/Development/school/veridatalog/veri-datalog/dafny/lcf/features/traceintercept.pl:142
	head=user:source(n0)
	body=true
	bindings=[]
	arity=1
	argument=n0
	predicate_indicator=source/1
	choice=324
	choice_parent=269
	choice_frame=315
	choice_type=debug

port=exit level=16
	has_alternatives=false
	goal=source(n0)
	clause=<clause>(0x600003ec69a0)
	loc=/Users/mbm/Development/school/veridatalog/veri-datalog/dafny/lcf/features/traceintercept.pl:142
	head=user:source(n0)
	body=true
	bindings=[]
	arity=1
	argument=n0
	predicate_indicator=source/1
	choice=324
	choice_parent=269
	choice_frame=315
	choice_type=debug

port=call level=16
	has_alternatives=false
	goal=destination(_7516)
	arity=1
	argument=_7516
	predicate_indicator=destination/1
	choice=306
	choice_parent=269
	choice_frame=296
	choice_type=debug

port=unify level=16
	has_alternatives=false
	goal=destination(n3)
	clause=<clause>(0x600003ec6a00)
	loc=/Users/mbm/Development/school/veridatalog/veri-datalog/dafny/lcf/features/traceintercept.pl:143
	head=user:destination(n3)
	body=true
	bindings=[]
	arity=1
	argument=n3
	predicate_indicator=destination/1
	choice=324
	choice_parent=269
	choice_frame=315
	choice_type=debug

port=exit level=16
	has_alternatives=false
	goal=destination(n3)
	clause=<clause>(0x600003ec6a00)
	loc=/Users/mbm/Development/school/veridatalog/veri-datalog/dafny/lcf/features/traceintercept.pl:143
	head=user:destination(n3)
	body=true
	bindings=[]
	arity=1
	argument=n3
	predicate_indicator=destination/1
	choice=324
	choice_parent=269
	choice_frame=315
	choice_type=debug

port=call level=16
	has_alternatives=false
	goal=connected(n0,n3)
	arity=2
	argument=n0
	argument=n3
	predicate_indicator=connected/2
	choice=306
	choice_parent=269
	choice_frame=296
	choice_type=debug

port=unify level=16
	has_alternatives=true
	goal=connected(n0,n3)
	clause=<clause>(0x6000028c43f0)
	loc=/Users/mbm/Development/school/veridatalog/veri-datalog/dafny/lcf/features/traceintercept.pl:144
	head=user:connected(_14814,_14826)
	body=edge(_14814,_14826)
	bindings=[A=_14814,B=_14826]
	arity=2
	argument=n0
	argument=n3
	predicate_indicator=connected/2
	choice=325
	choice_parent=269
	choice_frame=315
	choice_type=clause

port=call level=17
	has_alternatives=false
	goal=edge(n0,n3)
	arity=2
	argument=n0
	argument=n3
	predicate_indicator=edge/2
	choice=325
	choice_parent=269
	choice_frame=315
	choice_type=clause

port=fail level=17
	has_alternatives=false
	goal=edge(n0,n3)
	arity=2
	argument=n0
	argument=n3
	predicate_indicator=edge/2
	choice=325
	choice_parent=269
	choice_frame=315
	choice_type=clause

port=redo(0) level=16
	has_alternatives=false
	goal=connected(n0,n3)
	clause=<clause>(0x6000021cad80)
	loc=/Users/mbm/Development/school/veridatalog/veri-datalog/dafny/lcf/features/traceintercept.pl:145
	head=user:connected(_14820,_14832)
	body=edge(_14820,_14844),connected(_14844,_14832)
	bindings=[A=_14820,B=_14832,M=_14844]
	arity=2
	argument=n0
	argument=n3
	predicate_indicator=connected/2
	choice=306
	choice_parent=269
	choice_frame=296
	choice_type=debug

port=unify level=16
	has_alternatives=false
	goal=connected(n0,n3)
	clause=<clause>(0x6000021cad80)
	loc=/Users/mbm/Development/school/veridatalog/veri-datalog/dafny/lcf/features/traceintercept.pl:145
	head=user:connected(_15942,_15954)
	body=edge(_15942,_15966),connected(_15966,_15954)
	bindings=[A=_15942,B=_15954,M=_15966]
	arity=2
	argument=n0
	argument=n3
	predicate_indicator=connected/2
	choice=326
	choice_parent=269
	choice_frame=315
	choice_type=debug

port=call level=17
	has_alternatives=false
	goal=edge(n0,_16934)
	arity=2
	argument=n0
	argument=_16934
	predicate_indicator=edge/2
	choice=326
	choice_parent=269
	choice_frame=315
	choice_type=debug

port=unify level=17
	has_alternatives=false
	goal=edge(n0,n1)
	clause=<clause>(0x6000031c0a80)
	loc=/Users/mbm/Development/school/veridatalog/veri-datalog/dafny/lcf/features/traceintercept.pl:141
	head=user:edge(n0,n1)
	body=true
	bindings=[]
	arity=2
	argument=n0
	argument=n1
	predicate_indicator=edge/2
	choice=345
	choice_parent=269
	choice_frame=335
	choice_type=debug

port=exit level=17
	has_alternatives=false
	goal=edge(n0,n1)
	clause=<clause>(0x6000031c0a80)
	loc=/Users/mbm/Development/school/veridatalog/veri-datalog/dafny/lcf/features/traceintercept.pl:141
	head=user:edge(n0,n1)
	body=true
	bindings=[]
	arity=2
	argument=n0
	argument=n1
	predicate_indicator=edge/2
	choice=345
	choice_parent=269
	choice_frame=335
	choice_type=debug

port=call level=17
	has_alternatives=false
	goal=connected(n1,n3)
	arity=2
	argument=n1
	argument=n3
	predicate_indicator=connected/2
	choice=326
	choice_parent=269
	choice_frame=315
	choice_type=debug

port=unify level=17
	has_alternatives=true
	goal=connected(n1,n3)
	clause=<clause>(0x6000028c43f0)
	loc=/Users/mbm/Development/school/veridatalog/veri-datalog/dafny/lcf/features/traceintercept.pl:144
	head=user:connected(_19086,_19098)
	body=edge(_19086,_19098)
	bindings=[A=_19086,B=_19098]
	arity=2
	argument=n1
	argument=n3
	predicate_indicator=connected/2
	choice=345
	choice_parent=269
	choice_frame=335
	choice_type=clause

port=call level=18
	has_alternatives=false
	goal=edge(n1,n3)
	arity=2
	argument=n1
	argument=n3
	predicate_indicator=edge/2
	choice=345
	choice_parent=269
	choice_frame=335
	choice_type=clause

port=unify level=18
	has_alternatives=false
	goal=edge(n1,n3)
	clause=<clause>(0x6000031c09a0)
	loc=/Users/mbm/Development/school/veridatalog/veri-datalog/dafny/lcf/features/traceintercept.pl:139
	head=user:edge(n1,n3)
	body=true
	bindings=[]
	arity=2
	argument=n1
	argument=n3
	predicate_indicator=edge/2
	choice=364
	choice_parent=345
	choice_frame=354
	choice_type=debug

port=exit level=18
	has_alternatives=false
	goal=edge(n1,n3)
	clause=<clause>(0x6000031c09a0)
	loc=/Users/mbm/Development/school/veridatalog/veri-datalog/dafny/lcf/features/traceintercept.pl:139
	head=user:edge(n1,n3)
	body=true
	bindings=[]
	arity=2
	argument=n1
	argument=n3
	predicate_indicator=edge/2
	choice=364
	choice_parent=345
	choice_frame=354
	choice_type=debug

port=exit level=17
	has_alternatives=true
	goal=connected(n1,n3)
	clause=<clause>(0x6000028c43f0)
	loc=/Users/mbm/Development/school/veridatalog/veri-datalog/dafny/lcf/features/traceintercept.pl:144
	head=user:connected(_21950,_21962)
	body=edge(_21950,_21962)
	bindings=[A=_21950,B=_21962]
	arity=2
	argument=n1
	argument=n3
	predicate_indicator=connected/2
	choice=345
	choice_parent=269
	choice_frame=335
	choice_type=clause

port=exit level=16
	has_alternatives=false
	goal=connected(n0,n3)
	clause=<clause>(0x6000021cad80)
	loc=/Users/mbm/Development/school/veridatalog/veri-datalog/dafny/lcf/features/traceintercept.pl:145
	head=user:connected(_22944,_22956)
	body=edge(_22944,_22968),connected(_22968,_22956)
	bindings=[A=_22944,B=_22956,M=_22968]
	arity=2
	argument=n0
	argument=n3
	predicate_indicator=connected/2
	choice=345
	choice_parent=269
	choice_frame=335
	choice_type=clause

port=exit level=15
	has_alternatives=false
	goal=query(n0,n3)
	clause=<clause>(0x600002fc6dc0)
	loc=/Users/mbm/Development/school/veridatalog/veri-datalog/dafny/lcf/features/traceintercept.pl:146
	head=user:query(_24066,_24078)
	body=source(_24066),destination(_24078),connected(_24066,_24078)
	bindings=[S=_24066,D=_24078]
	arity=2
	argument=n0
	argument=n3
	predicate_indicator=query/2
	choice=345
	choice_parent=269
	choice_frame=335
	choice_type=clause

port=call level=15
	has_alternatives=false
	goal=write(n0)
	arity=1
	argument=n0
	predicate_indicator=system:write/1
	choice=278
	choice_parent=269
	choice_frame=248
	choice_type=jump

n0port=exit level=15
	has_alternatives=false
	goal=write(n0)
	arity=1
	argument=n0
	predicate_indicator=system:write/1
	choice=327
	choice_parent=278
	choice_frame=318
	choice_type=debug

port=call level=15
	has_alternatives=false
	goal=write(n3)
	arity=1
	argument=n3
	predicate_indicator=system:write/1
	choice=278
	choice_parent=269
	choice_frame=248
	choice_type=jump

n3port=exit level=15
	has_alternatives=false
	goal=write(n3)
	arity=1
	argument=n3
	predicate_indicator=system:write/1
	choice=327
	choice_parent=278
	choice_frame=318
	choice_type=debug

port=call level=15
	has_alternatives=false
	goal=nl
	arity=0
	predicate_indicator=system:nl/0
	choice=278
	choice_parent=269
	choice_frame=248
	choice_type=jump


port=exit level=15
	has_alternatives=false
	goal=nl
	arity=0
	predicate_indicator=system:nl/0
	choice=326
	choice_parent=278
	choice_frame=318
	choice_type=debug

port=exit level=13
	has_alternatives=false
	goal=forall(user:once(query(_7514,_7516)),user:(write(_7514),write(_7516),nl))
	clause=<clause>(0x6000021c9790)
	loc=/opt/homebrew/Cellar/swi-prolog/9.2.5/lib/swipl/boot/apply.pl:51
	head=$apply:forall(_9854,_9866)
	body=\+ (call(_9854),\+call(_9866))
	bindings=[Cond=_9854,Action=_9866]
	arity=2
	argument=user:once(query(_7514,_7516))
	argument=user:(write(_7514),write(_7516),nl)
	predicate_indicator=$apply:forall/2
	choice=260
	choice_parent=220
	choice_frame=248
	choice_type=debug

port=exit level=12
	has_alternatives=false
	goal=go
	clause=<clause>(0x13ee89890)
	loc=/Users/mbm/Development/school/veridatalog/veri-datalog/dafny/lcf/features/traceintercept.pl:147
	head=user:go
	body=forall(once(query(_11868,_11880)),(write(_11868),write(_11880),nl))
	bindings=[S=_11868,D=_11880]
	arity=0
	predicate_indicator=go/0
	choice=239
	choice_parent=220
	choice_frame=229
	choice_type=debug

